0 info it worked if it ends with ok
1 verbose cli [ '/opt/bitnami/nodejs/bin/.node.bin',
1 verbose cli   '/opt/bitnami/nodejs/bin/npm',
<<<<<<< HEAD
1 verbose cli   'start' ]
2 info using npm@3.3.12
3 info using node@v5.1.1
4 verbose run-script [ 'prestart', 'start', 'poststart' ]
5 info lifecycle grocery@0.0.0~prestart: grocery@0.0.0
6 silly lifecycle grocery@0.0.0~prestart: no script for prestart, continuing
7 info lifecycle grocery@0.0.0~start: grocery@0.0.0
8 verbose lifecycle grocery@0.0.0~start: unsafe-perm in lifecycle true
9 verbose lifecycle grocery@0.0.0~start: PATH: /opt/bitnami/nodejs/lib/node_modules/npm/bin/node-gyp-bin:/home/bitnami/Grocery/grocery/node_modules/.bin:/opt/bitnami/nodejs/bin:/opt/bitnami/git/bin:/opt/bitnami/mongodb/bin:/opt/bitnami/sqlite/bin:/opt/bitnami/php/bin:/opt/bitnami/python/bin:/opt/bitnami/apache2/bin:/opt/bitnami/common/bin:/opt/bitnami/nodejs/bin:/opt/bitnami/git/bin:/opt/bitnami/mongodb/bin:/opt/bitnami/sqlite/bin:/opt/bitnami/php/bin:/opt/bitnami/python/bin:/opt/bitnami/apache2/bin:/opt/bitnami/common/bin:/usr/local/sbin:/usr/local/bin:/usr/sbin:/usr/bin:/sbin:/bin:/usr/games:/usr/local/games
10 verbose lifecycle grocery@0.0.0~start: CWD: /home/bitnami/Grocery/grocery
11 silly lifecycle grocery@0.0.0~start: Args: [ '-c', 'node ./bin/www' ]
12 silly lifecycle grocery@0.0.0~start: Returned: code: 1  signal: null
13 info lifecycle grocery@0.0.0~start: Failed to exec start script
14 verbose stack Error: grocery@0.0.0 start: `node ./bin/www`
14 verbose stack Exit status 1
14 verbose stack     at EventEmitter.<anonymous> (/opt/bitnami/nodejs/lib/node_modules/npm/lib/utils/lifecycle.js:232:16)
14 verbose stack     at emitTwo (events.js:87:13)
14 verbose stack     at EventEmitter.emit (events.js:172:7)
14 verbose stack     at ChildProcess.<anonymous> (/opt/bitnami/nodejs/lib/node_modules/npm/lib/utils/spawn.js:24:14)
14 verbose stack     at emitTwo (events.js:87:13)
14 verbose stack     at ChildProcess.emit (events.js:172:7)
14 verbose stack     at maybeClose (internal/child_process.js:818:16)
14 verbose stack     at Process.ChildProcess._handle.onexit (internal/child_process.js:211:5)
15 verbose pkgid grocery@0.0.0
16 verbose cwd /home/bitnami/Grocery/grocery
17 error Linux 3.13.0-71-generic
18 error argv "/opt/bitnami/nodejs/bin/.node.bin" "/opt/bitnami/nodejs/bin/npm" "start"
19 error node v5.1.1
20 error npm  v3.3.12
21 error code ELIFECYCLE
22 error grocery@0.0.0 start: `node ./bin/www`
22 error Exit status 1
23 error Failed at the grocery@0.0.0 start script 'node ./bin/www'.
23 error Make sure you have the latest version of node.js and npm installed.
23 error If you do, this is most likely a problem with the grocery package,
23 error not with npm itself.
23 error Tell the author that this fails on your system:
23 error     node ./bin/www
23 error You can get their info via:
23 error     npm owner ls grocery
23 error There is likely additional logging output above.
24 verbose exit [ 1, true ]
=======
1 verbose cli   'stop' ]
2 info using npm@3.3.12
3 info using node@v5.1.1
4 verbose stack Error: ENOENT: no such file or directory, open '/home/bitnami/Grocery/package.json'
4 verbose stack     at Error (native)
5 verbose cwd /home/bitnami/Grocery
6 error Linux 3.13.0-71-generic
7 error argv "/opt/bitnami/nodejs/bin/.node.bin" "/opt/bitnami/nodejs/bin/npm" "stop"
8 error node v5.1.1
9 error npm  v3.3.12
10 error path /home/bitnami/Grocery/package.json
11 error code ENOENT
12 error errno -2
13 error syscall open
14 error enoent ENOENT: no such file or directory, open '/home/bitnami/Grocery/package.json'
14 error enoent This is most likely not a problem with npm itself
14 error enoent and is related to npm not being able to find a file.
15 verbose exit [ -2, true ]
>>>>>>> f57e03b954a91031049efc456c3598d284caa3b6
